# JRE version: OpenJDK Runtime Environment (14.0.1+7) (build 14.0.1+7-Ubuntu-1ubuntu1)
# Java VM: OpenJDK 64-Bit Server VM (14.0.1+7-Ubuntu-1ubuntu1, mixed mode, sharing, tiered, compressed oops, g1 gc, linux-amd64)
Heap:
 garbage-first heap   total 317440K, used 224992K [0x00000000e0000000, 0x0000000100000000)
  region size 1024K, 95 young (97280K), 8 survivors (8192K)
 Metaspace       used 100330K, capacity 104805K, committed 105172K, reserved 344064K
  class space    used 14094K, capacity 15775K, committed 15872K, reserved 253952K
GC Heap History (20 events):
Event: 2728.162 GC heap before
{Heap before GC invocations=24 (full 0):
 garbage-first heap   total 317440K, used 208862K [0x00000000e0000000, 0x0000000100000000)
  region size 1024K, 91 young (93184K), 8 survivors (8192K)
 Metaspace       used 69905K, capacity 72395K, committed 91220K, reserved 331776K
  class space    used 9182K, capacity 10127K, committed 13952K, reserved 253952K
}
Event: 2728.185 GC heap after
{Heap after GC invocations=25 (full 0):
 garbage-first heap   total 317440K, used 131084K [0x00000000e0000000, 0x0000000100000000)
  region size 1024K, 10 young (10240K), 10 survivors (10240K)
 Metaspace       used 69905K, capacity 72395K, committed 91220K, reserved 331776K
  class space    used 9182K, capacity 10127K, committed 13952K, reserved 253952K
}
Event: 2728.230 GC heap before
{Heap before GC invocations=25 (full 0):
 garbage-first heap   total 317440K, used 135180K [0x00000000e0000000, 0x0000000100000000)
  region size 1024K, 15 young (15360K), 10 survivors (10240K)
 Metaspace       used 70063K, capacity 72523K, committed 91220K, reserved 331776K
  class space    used 9205K, capacity 10127K, committed 13952K, reserved 253952K
}
Event: 2728.262 GC heap after
{Heap after GC invocations=26 (full 0):
 garbage-first heap   total 317440K, used 105861K [0x00000000e0000000, 0x0000000100000000)
  region size 1024K, 2 young (2048K), 2 survivors (2048K)
 Metaspace       used 70063K, capacity 72523K, committed 91220K, reserved 331776K
  class space    used 9205K, capacity 10127K, committed 13952K, reserved 253952K
}
Event: 2728.368 GC heap before
{Heap before GC invocations=26 (full 0):
 garbage-first heap   total 317440K, used 119173K [0x00000000e0000000, 0x0000000100000000)
  region size 1024K, 15 young (15360K), 2 survivors (2048K)
 Metaspace       used 70160K, capacity 72673K, committed 91220K, reserved 331776K
  class space    used 9221K, capacity 10173K, committed 13952K, reserved 253952K
}
Event: 2728.417 GC heap after
{Heap after GC invocations=27 (full 0):
 garbage-first heap   total 317440K, used 89472K [0x00000000e0000000, 0x0000000100000000)
  region size 1024K, 1 young (1024K), 1 survivors (1024K)
 Metaspace       used 70160K, capacity 72673K, committed 91220K, reserved 331776K
  class space    used 9221K, capacity 10173K, committed 13952K, reserved 253952K
}
Event: 2803.953 GC heap before
{Heap before GC invocations=27 (full 0):
 garbage-first heap   total 317440K, used 221568K [0x00000000e0000000, 0x0000000100000000)
  region size 1024K, 130 young (133120K), 1 survivors (1024K)
 Metaspace       used 75247K, capacity 78052K, committed 91220K, reserved 331776K
  class space    used 10073K, capacity 11128K, committed 13952K, reserved 253952K
}
Event: 2803.974 GC heap after
{Heap after GC invocations=28 (full 0):
 garbage-first heap   total 317440K, used 96363K [0x00000000e0000000, 0x0000000100000000)
  region size 1024K, 7 young (7168K), 7 survivors (7168K)
 Metaspace       used 75247K, capacity 78052K, committed 91220K, reserved 331776K
  class space    used 10073K, capacity 11128K, committed 13952K, reserved 253952K
}
Event: 2861.326 GC heap before
{Heap before GC invocations=28 (full 0):
 garbage-first heap   total 317440K, used 229483K [0x00000000e0000000, 0x0000000100000000)
  region size 1024K, 137 young (140288K), 7 survivors (7168K)
 Metaspace       used 80726K, capacity 83919K, committed 91220K, reserved 331776K
  class space    used 10981K, capacity 12173K, committed 13952K, reserved 253952K
}
Event: 2861.347 GC heap after
{Heap after GC invocations=29 (full 0):
 garbage-first heap   total 317440K, used 103194K [0x00000000e0000000, 0x0000000100000000)
  region size 1024K, 13 young (13312K), 13 survivors (13312K)
 Metaspace       used 80726K, capacity 83919K, committed 91220K, reserved 331776K
  class space    used 10981K, capacity 12173K, committed 13952K, reserved 253952K
}
Event: 2876.057 GC heap before
{Heap before GC invocations=29 (full 0):
 garbage-first heap   total 317440K, used 237338K [0x00000000e0000000, 0x0000000100000000)
  region size 1024K, 143 young (146432K), 13 survivors (13312K)
 Metaspace       used 81385K, capacity 84647K, committed 91220K, reserved 331776K
  class space    used 11063K, capacity 12286K, committed 13952K, reserved 253952K
}
Event: 2876.095 GC heap after
{Heap after GC invocations=30 (full 0):
 garbage-first heap   total 317440K, used 109294K [0x00000000e0000000, 0x0000000100000000)
  region size 1024K, 15 young (15360K), 15 survivors (15360K)
 Metaspace       used 81385K, capacity 84647K, committed 91220K, reserved 331776K
  class space    used 11063K, capacity 12286K, committed 13952K, reserved 253952K
}
Event: 2937.076 GC heap before
{Heap before GC invocations=30 (full 0):
 garbage-first heap   total 317440K, used 239342K [0x00000000e0000000, 0x0000000100000000)
  region size 1024K, 143 young (146432K), 15 survivors (15360K)
 Metaspace       used 87713K, capacity 91265K, committed 91988K, reserved 333824K
  class space    used 12078K, capacity 13441K, committed 13952K, reserved 253952K
}
Event: 2937.122 GC heap after
{Heap after GC invocations=31 (full 0):
 garbage-first heap   total 317440K, used 112089K [0x00000000e0000000, 0x0000000100000000)
  region size 1024K, 6 young (6144K), 6 survivors (6144K)
 Metaspace       used 87713K, capacity 91265K, committed 91988K, reserved 333824K
  class space    used 12078K, capacity 13441K, committed 13952K, reserved 253952K
}
Event: 2937.972 GC heap before
{Heap before GC invocations=31 (full 0):
 garbage-first heap   total 317440K, used 246233K [0x00000000e0000000, 0x0000000100000000)
  region size 1024K, 136 young (139264K), 6 survivors (6144K)
 Metaspace       used 88802K, capacity 92497K, committed 93012K, reserved 333824K
  class space    used 12230K, capacity 13662K, committed 13952K, reserved 253952K
}
Event: 2938.038 GC heap after
{Heap after GC invocations=32 (full 0):
 garbage-first heap   total 317440K, used 123353K [0x00000000e0000000, 0x0000000100000000)
  region size 1024K, 16 young (16384K), 16 survivors (16384K)
 Metaspace       used 88802K, capacity 92497K, committed 93012K, reserved 333824K
  class space    used 12230K, capacity 13662K, committed 13952K, reserved 253952K
}
Event: 3098.939 GC heap before
{Heap before GC invocations=32 (full 0):
 garbage-first heap   total 317440K, used 249305K [0x00000000e0000000, 0x0000000100000000)
  region size 1024K, 138 young (141312K), 16 survivors (16384K)
 Metaspace       used 94037K, capacity 98126K, committed 98388K, reserved 337920K
  class space    used 13080K, capacity 14621K, committed 14720K, reserved 253952K
}
Event: 3098.980 GC heap after
{Heap after GC invocations=33 (full 0):
 garbage-first heap   total 317440K, used 130056K [0x00000000e0000000, 0x0000000100000000)
  region size 1024K, 9 young (9216K), 9 survivors (9216K)
 Metaspace       used 94037K, capacity 98126K, committed 98388K, reserved 337920K
  class space    used 13080K, capacity 14621K, committed 14720K, reserved 253952K
}
Event: 3099.827 GC heap before
{Heap before GC invocations=33 (full 0):
 garbage-first heap   total 317440K, used 249864K [0x00000000e0000000, 0x0000000100000000)
  region size 1024K, 127 young (130048K), 9 survivors (9216K)
 Metaspace       used 98950K, capacity 103332K, committed 103508K, reserved 342016K
  class space    used 13962K, capacity 15632K, committed 15744K, reserved 253952K
}
Event: 3099.847 GC heap after
{Heap after GC invocations=34 (full 0):
 garbage-first heap   total 317440K, used 137952K [0x00000000e0000000, 0x0000000100000000)
  region size 1024K, 8 young (8192K), 8 survivors (8192K)
 Metaspace       used 98950K, capacity 103332K, committed 103508K, reserved 342016K
  class space    used 13962K, capacity 15632K, committed 15744K, reserved 253952K
}

