# JRE version: OpenJDK Runtime Environment (14.0.1+7) (build 14.0.1+7-Ubuntu-1ubuntu1)
# Java VM: OpenJDK 64-Bit Server VM (14.0.1+7-Ubuntu-1ubuntu1, mixed mode, sharing, tiered, compressed oops, g1 gc, linux-amd64)
Heap:
 garbage-first heap   total 262144K, used 116861K [0x00000000e0000000, 0x0000000100000000)
  region size 1024K, 40 young (40960K), 3 survivors (3072K)
 Metaspace       used 70299K, capacity 72855K, committed 73012K, reserved 317440K
  class space    used 9745K, capacity 10675K, committed 10776K, reserved 253952K
GC Heap History (20 events):
Event: 10.631 GC heap before
{Heap before GC invocations=7 (full 0):
 garbage-first heap   total 262144K, used 171773K [0x00000000e0000000, 0x0000000100000000)
  region size 1024K, 153 young (156672K), 11 survivors (11264K)
 Metaspace       used 41234K, capacity 42577K, committed 42780K, reserved 290816K
  class space    used 5751K, capacity 6229K, committed 6348K, reserved 253952K
}
Event: 10.684 GC heap after
{Heap after GC invocations=8 (full 0):
 garbage-first heap   total 262144K, used 37719K [0x00000000e0000000, 0x0000000100000000)
  region size 1024K, 18 young (18432K), 18 survivors (18432K)
 Metaspace       used 41234K, capacity 42577K, committed 42780K, reserved 290816K
  class space    used 5751K, capacity 6229K, committed 6348K, reserved 253952K
}
Event: 2956.790 GC heap before
{Heap before GC invocations=8 (full 0):
 garbage-first heap   total 262144K, used 175959K [0x00000000e0000000, 0x0000000100000000)
  region size 1024K, 153 young (156672K), 18 survivors (18432K)
 Metaspace       used 46400K, capacity 47929K, committed 48284K, reserved 296960K
  class space    used 6348K, capacity 6888K, committed 6988K, reserved 253952K
}
Event: 2956.830 GC heap after
{Heap after GC invocations=9 (full 0):
 garbage-first heap   total 262144K, used 43714K [0x00000000e0000000, 0x0000000100000000)
  region size 1024K, 6 young (6144K), 6 survivors (6144K)
 Metaspace       used 46400K, capacity 47929K, committed 48284K, reserved 296960K
  class space    used 6348K, capacity 6888K, committed 6988K, reserved 253952K
}
Event: 2959.199 GC heap before
{Heap before GC invocations=9 (full 0):
 garbage-first heap   total 262144K, used 196290K [0x00000000e0000000, 0x0000000100000000)
  region size 1024K, 153 young (156672K), 6 survivors (6144K)
 Metaspace       used 57234K, capacity 59155K, committed 59548K, reserved 305152K
  class space    used 7774K, capacity 8406K, committed 8524K, reserved 253952K
}
Event: 2959.249 GC heap after
{Heap after GC invocations=10 (full 0):
 garbage-first heap   total 262144K, used 61842K [0x00000000e0000000, 0x0000000100000000)
  region size 1024K, 20 young (20480K), 20 survivors (20480K)
 Metaspace       used 57234K, capacity 59155K, committed 59548K, reserved 305152K
  class space    used 7774K, capacity 8406K, committed 8524K, reserved 253952K
}
Event: 2959.839 GC heap before
{Heap before GC invocations=10 (full 0):
 garbage-first heap   total 262144K, used 108946K [0x00000000e0000000, 0x0000000100000000)
  region size 1024K, 68 young (69632K), 20 survivors (20480K)
 Metaspace       used 58371K, capacity 60285K, committed 60420K, reserved 307200K
  class space    used 7889K, capacity 8587K, committed 8652K, reserved 253952K
}
Event: 2959.895 GC heap after
{Heap after GC invocations=11 (full 0):
 garbage-first heap   total 262144K, used 68745K [0x00000000e0000000, 0x0000000100000000)
  region size 1024K, 7 young (7168K), 7 survivors (7168K)
 Metaspace       used 58371K, capacity 60285K, committed 60420K, reserved 307200K
  class space    used 7889K, capacity 8587K, committed 8652K, reserved 253952K
}
Event: 4120.454 GC heap before
{Heap before GC invocations=12 (full 0):
 garbage-first heap   total 262144K, used 199817K [0x00000000e0000000, 0x0000000100000000)
  region size 1024K, 135 young (138240K), 7 survivors (7168K)
 Metaspace       used 64476K, capacity 66730K, committed 66868K, reserved 311296K
  class space    used 8917K, capacity 9696K, committed 9752K, reserved 253952K
}
Event: 4120.481 GC heap after
{Heap after GC invocations=13 (full 0):
 garbage-first heap   total 262144K, used 73759K [0x00000000e0000000, 0x0000000100000000)
  region size 1024K, 12 young (12288K), 12 survivors (12288K)
 Metaspace       used 64476K, capacity 66730K, committed 66868K, reserved 311296K
  class space    used 8917K, capacity 9696K, committed 9752K, reserved 253952K
}
Event: 4698.498 GC heap before
{Heap before GC invocations=14 (full 0):
 garbage-first heap   total 262144K, used 203807K [0x00000000e0000000, 0x0000000100000000)
  region size 1024K, 139 young (142336K), 12 survivors (12288K)
 Metaspace       used 69467K, capacity 71832K, committed 72116K, reserved 317440K
  class space    used 9686K, capacity 10575K, committed 10648K, reserved 253952K
}
Event: 4698.528 GC heap after
{Heap after GC invocations=15 (full 0):
 garbage-first heap   total 262144K, used 83527K [0x00000000e0000000, 0x0000000100000000)
  region size 1024K, 15 young (15360K), 15 survivors (15360K)
 Metaspace       used 69467K, capacity 71832K, committed 72116K, reserved 317440K
  class space    used 9686K, capacity 10575K, committed 10648K, reserved 253952K
}
Event: 6115.925 GC heap before
{Heap before GC invocations=15 (full 0):
 garbage-first heap   total 262144K, used 203335K [0x00000000e0000000, 0x0000000100000000)
  region size 1024K, 132 young (135168K), 15 survivors (15360K)
 Metaspace       used 70299K, capacity 72855K, committed 73012K, reserved 317440K
  class space    used 9745K, capacity 10675K, committed 10776K, reserved 253952K
}
Event: 6115.947 GC heap after
{Heap after GC invocations=16 (full 0):
 garbage-first heap   total 262144K, used 83032K [0x00000000e0000000, 0x0000000100000000)
  region size 1024K, 6 young (6144K), 6 survivors (6144K)
 Metaspace       used 70299K, capacity 72855K, committed 73012K, reserved 317440K
  class space    used 9745K, capacity 10675K, committed 10776K, reserved 253952K
}
Event: 11472.203 GC heap before
{Heap before GC invocations=16 (full 0):
 garbage-first heap   total 262144K, used 205912K [0x00000000e0000000, 0x0000000100000000)
  region size 1024K, 126 young (129024K), 6 survivors (6144K)
 Metaspace       used 70299K, capacity 72855K, committed 73012K, reserved 317440K
  class space    used 9745K, capacity 10675K, committed 10776K, reserved 253952K
}
Event: 11472.215 GC heap after
{Heap after GC invocations=17 (full 0):
 garbage-first heap   total 262144K, used 80385K [0x00000000e0000000, 0x0000000100000000)
  region size 1024K, 3 young (3072K), 3 survivors (3072K)
 Metaspace       used 70299K, capacity 72855K, committed 73012K, reserved 317440K
  class space    used 9745K, capacity 10675K, committed 10776K, reserved 253952K
}
Event: 17193.206 GC heap before
{Heap before GC invocations=17 (full 0):
 garbage-first heap   total 262144K, used 211457K [0x00000000e0000000, 0x0000000100000000)
  region size 1024K, 131 young (134144K), 3 survivors (3072K)
 Metaspace       used 70299K, capacity 72855K, committed 73012K, reserved 317440K
  class space    used 9745K, capacity 10675K, committed 10776K, reserved 253952K
}
Event: 17193.214 GC heap after
{Heap after GC invocations=18 (full 0):
 garbage-first heap   total 262144K, used 80123K [0x00000000e0000000, 0x0000000100000000)
  region size 1024K, 3 young (3072K), 3 survivors (3072K)
 Metaspace       used 70299K, capacity 72855K, committed 73012K, reserved 317440K
  class space    used 9745K, capacity 10675K, committed 10776K, reserved 253952K
}
Event: 23103.207 GC heap before
{Heap before GC invocations=18 (full 0):
 garbage-first heap   total 262144K, used 215291K [0x00000000e0000000, 0x0000000100000000)
  region size 1024K, 135 young (138240K), 3 survivors (3072K)
 Metaspace       used 70299K, capacity 72855K, committed 73012K, reserved 317440K
  class space    used 9745K, capacity 10675K, committed 10776K, reserved 253952K
}
Event: 23103.216 GC heap after
{Heap after GC invocations=19 (full 0):
 garbage-first heap   total 262144K, used 79997K [0x00000000e0000000, 0x0000000100000000)
  region size 1024K, 3 young (3072K), 3 survivors (3072K)
 Metaspace       used 70299K, capacity 72855K, committed 73012K, reserved 317440K
  class space    used 9745K, capacity 10675K, committed 10776K, reserved 253952K
}

