# JRE version: OpenJDK Runtime Environment (14.0.1+7) (build 14.0.1+7-Ubuntu-1ubuntu1)
# Java VM: OpenJDK 64-Bit Server VM (14.0.1+7-Ubuntu-1ubuntu1, mixed mode, sharing, tiered, compressed oops, g1 gc, linux-amd64)
Heap:
 garbage-first heap   total 65536K, used 16195K [0x00000000fc000000, 0x0000000100000000)
  region size 1024K, 9 young (9216K), 2 survivors (2048K)
 Metaspace       used 8157K, capacity 9235K, committed 9472K, reserved 1056768K
  class space    used 1081K, capacity 1228K, committed 1280K, reserved 1048576K
GC Heap History (10 events):
Event: 0.377 GC heap before
{Heap before GC invocations=0 (full 0):
 garbage-first heap   total 65536K, used 19268K [0x00000000fc000000, 0x0000000100000000)
  region size 1024K, 13 young (13312K), 0 survivors (0K)
 Metaspace       used 2129K, capacity 5161K, committed 5504K, reserved 1056768K
  class space    used 214K, capacity 526K, committed 640K, reserved 1048576K
}
Event: 0.381 GC heap after
{Heap after GC invocations=1 (full 0):
 garbage-first heap   total 65536K, used 8746K [0x00000000fc000000, 0x0000000100000000)
  region size 1024K, 2 young (2048K), 2 survivors (2048K)
 Metaspace       used 2129K, capacity 5161K, committed 5504K, reserved 1056768K
  class space    used 214K, capacity 526K, committed 640K, reserved 1048576K
}
Event: 0.806 GC heap before
{Heap before GC invocations=1 (full 0):
 garbage-first heap   total 65536K, used 24106K [0x00000000fc000000, 0x0000000100000000)
  region size 1024K, 17 young (17408K), 2 survivors (2048K)
 Metaspace       used 5971K, capacity 7864K, committed 8064K, reserved 1056768K
  class space    used 817K, capacity 1028K, committed 1152K, reserved 1048576K
}
Event: 0.813 GC heap after
{Heap after GC invocations=2 (full 0):
 garbage-first heap   total 65536K, used 9808K [0x00000000fc000000, 0x0000000100000000)
  region size 1024K, 1 young (1024K), 1 survivors (1024K)
 Metaspace       used 5971K, capacity 7864K, committed 8064K, reserved 1056768K
  class space    used 817K, capacity 1028K, committed 1152K, reserved 1048576K
}
Event: 1663.948 GC heap before
{Heap before GC invocations=2 (full 0):
 garbage-first heap   total 65536K, used 37456K [0x00000000fc000000, 0x0000000100000000)
  region size 1024K, 28 young (28672K), 1 survivors (1024K)
 Metaspace       used 8152K, capacity 9235K, committed 9472K, reserved 1056768K
  class space    used 1080K, capacity 1228K, committed 1280K, reserved 1048576K
}
Event: 1663.955 GC heap after
{Heap after GC invocations=3 (full 0):
 garbage-first heap   total 65536K, used 10069K [0x00000000fc000000, 0x0000000100000000)
  region size 1024K, 2 young (2048K), 2 survivors (2048K)
 Metaspace       used 8152K, capacity 9235K, committed 9472K, reserved 1056768K
  class space    used 1080K, capacity 1228K, committed 1280K, reserved 1048576K
}
Event: 4642.549 GC heap before
{Heap before GC invocations=3 (full 0):
 garbage-first heap   total 65536K, used 44885K [0x00000000fc000000, 0x0000000100000000)
  region size 1024K, 36 young (36864K), 2 survivors (2048K)
 Metaspace       used 8154K, capacity 9235K, committed 9472K, reserved 1056768K
  class space    used 1081K, capacity 1228K, committed 1280K, reserved 1048576K
}
Event: 4642.554 GC heap after
{Heap after GC invocations=4 (full 0):
 garbage-first heap   total 65536K, used 10092K [0x00000000fc000000, 0x0000000100000000)
  region size 1024K, 2 young (2048K), 2 survivors (2048K)
 Metaspace       used 8154K, capacity 9235K, committed 9472K, reserved 1056768K
  class space    used 1081K, capacity 1228K, committed 1280K, reserved 1048576K
}
Event: 7788.048 GC heap before
{Heap before GC invocations=4 (full 0):
 garbage-first heap   total 65536K, used 46956K [0x00000000fc000000, 0x0000000100000000)
  region size 1024K, 38 young (38912K), 2 survivors (2048K)
 Metaspace       used 8157K, capacity 9235K, committed 9472K, reserved 1056768K
  class space    used 1081K, capacity 1228K, committed 1280K, reserved 1048576K
}
Event: 7788.053 GC heap after
{Heap after GC invocations=5 (full 0):
 garbage-first heap   total 65536K, used 10051K [0x00000000fc000000, 0x0000000100000000)
  region size 1024K, 2 young (2048K), 2 survivors (2048K)
 Metaspace       used 8157K, capacity 9235K, committed 9472K, reserved 1056768K
  class space    used 1081K, capacity 1228K, committed 1280K, reserved 1048576K
}

