# JRE version: OpenJDK Runtime Environment (14.0.1+7) (build 14.0.1+7-Ubuntu-1ubuntu1)
# Java VM: OpenJDK 64-Bit Server VM (14.0.1+7-Ubuntu-1ubuntu1, mixed mode, sharing, tiered, compressed oops, g1 gc, linux-amd64)
Heap:
 garbage-first heap   total 78848K, used 33518K [0x0000000087000000, 0x0000000100000000)
  region size 1024K, 5 young (5120K), 3 survivors (3072K)
 Metaspace       used 54774K, capacity 55899K, committed 56348K, reserved 1095680K
  class space    used 9080K, capacity 9530K, committed 9600K, reserved 1048576K
GC Heap History (20 events):
Event: 24839.313 GC heap before
{Heap before GC invocations=50 (full 0):
 garbage-first heap   total 78848K, used 36274K [0x0000000087000000, 0x0000000100000000)
  region size 1024K, 5 young (5120K), 4 survivors (4096K)
 Metaspace       used 54774K, capacity 55899K, committed 56348K, reserved 1095680K
  class space    used 9080K, capacity 9530K, committed 9600K, reserved 1048576K
}
Event: 24839.318 GC heap after
{Heap after GC invocations=51 (full 0):
 garbage-first heap   total 78848K, used 30510K [0x0000000087000000, 0x0000000100000000)
  region size 1024K, 1 young (1024K), 1 survivors (1024K)
 Metaspace       used 54774K, capacity 55899K, committed 56348K, reserved 1095680K
  class space    used 9080K, capacity 9530K, committed 9600K, reserved 1048576K
}
Event: 24999.423 GC heap before
{Heap before GC invocations=51 (full 0):
 garbage-first heap   total 78848K, used 59182K [0x0000000087000000, 0x0000000100000000)
  region size 1024K, 30 young (30720K), 1 survivors (1024K)
 Metaspace       used 54774K, capacity 55899K, committed 56348K, reserved 1095680K
  class space    used 9080K, capacity 9530K, committed 9600K, reserved 1048576K
}
Event: 24999.426 GC heap after
{Heap after GC invocations=52 (full 0):
 garbage-first heap   total 78848K, used 32774K [0x0000000087000000, 0x0000000100000000)
  region size 1024K, 3 young (3072K), 3 survivors (3072K)
 Metaspace       used 54774K, capacity 55899K, committed 56348K, reserved 1095680K
  class space    used 9080K, capacity 9530K, committed 9600K, reserved 1048576K
}
Event: 26652.081 GC heap before
{Heap before GC invocations=53 (full 0):
 garbage-first heap   total 78848K, used 60422K [0x0000000087000000, 0x0000000100000000)
  region size 1024K, 30 young (30720K), 3 survivors (3072K)
 Metaspace       used 54774K, capacity 55899K, committed 56348K, reserved 1095680K
  class space    used 9080K, capacity 9530K, committed 9600K, reserved 1048576K
}
Event: 26652.083 GC heap after
{Heap after GC invocations=54 (full 0):
 garbage-first heap   total 78848K, used 34878K [0x0000000087000000, 0x0000000100000000)
  region size 1024K, 2 young (2048K), 2 survivors (2048K)
 Metaspace       used 54774K, capacity 55899K, committed 56348K, reserved 1095680K
  class space    used 9080K, capacity 9530K, committed 9600K, reserved 1048576K
}
Event: 28371.117 GC heap before
{Heap before GC invocations=54 (full 0):
 garbage-first heap   total 78848K, used 60478K [0x0000000087000000, 0x0000000100000000)
  region size 1024K, 28 young (28672K), 2 survivors (2048K)
 Metaspace       used 54774K, capacity 55899K, committed 56348K, reserved 1095680K
  class space    used 9080K, capacity 9530K, committed 9600K, reserved 1048576K
}
Event: 28371.121 GC heap after
{Heap after GC invocations=55 (full 0):
 garbage-first heap   total 78848K, used 36719K [0x0000000087000000, 0x0000000100000000)
  region size 1024K, 4 young (4096K), 4 survivors (4096K)
 Metaspace       used 54774K, capacity 55899K, committed 56348K, reserved 1095680K
  class space    used 9080K, capacity 9530K, committed 9600K, reserved 1048576K
}
Event: 28467.569 GC heap before
{Heap before GC invocations=56 (full 0):
 garbage-first heap   total 78848K, used 60271K [0x0000000087000000, 0x0000000100000000)
  region size 1024K, 28 young (28672K), 4 survivors (4096K)
 Metaspace       used 54774K, capacity 55899K, committed 56348K, reserved 1095680K
  class space    used 9080K, capacity 9530K, committed 9600K, reserved 1048576K
}
Event: 28467.571 GC heap after
{Heap after GC invocations=57 (full 0):
 garbage-first heap   total 78848K, used 37592K [0x0000000087000000, 0x0000000100000000)
  region size 1024K, 4 young (4096K), 4 survivors (4096K)
 Metaspace       used 54774K, capacity 55899K, committed 56348K, reserved 1095680K
  class space    used 9080K, capacity 9530K, committed 9600K, reserved 1048576K
}
Event: 28467.575 GC heap before
{Heap before GC invocations=57 (full 0):
 garbage-first heap   total 78848K, used 38616K [0x0000000087000000, 0x0000000100000000)
  region size 1024K, 5 young (5120K), 4 survivors (4096K)
 Metaspace       used 54774K, capacity 55899K, committed 56348K, reserved 1095680K
  class space    used 9080K, capacity 9530K, committed 9600K, reserved 1048576K
}
Event: 28467.580 GC heap after
{Heap after GC invocations=58 (full 0):
 garbage-first heap   total 78848K, used 31468K [0x0000000087000000, 0x0000000100000000)
  region size 1024K, 1 young (1024K), 1 survivors (1024K)
 Metaspace       used 54774K, capacity 55899K, committed 56348K, reserved 1095680K
  class space    used 9080K, capacity 9530K, committed 9600K, reserved 1048576K
}
Event: 30194.098 GC heap before
{Heap before GC invocations=58 (full 0):
 garbage-first heap   total 78848K, used 58092K [0x0000000087000000, 0x0000000100000000)
  region size 1024K, 28 young (28672K), 1 survivors (1024K)
 Metaspace       used 54774K, capacity 55899K, committed 56348K, reserved 1095680K
  class space    used 9080K, capacity 9530K, committed 9600K, reserved 1048576K
}
Event: 30194.101 GC heap after
{Heap after GC invocations=59 (full 0):
 garbage-first heap   total 78848K, used 33616K [0x0000000087000000, 0x0000000100000000)
  region size 1024K, 3 young (3072K), 3 survivors (3072K)
 Metaspace       used 54774K, capacity 55899K, committed 56348K, reserved 1095680K
  class space    used 9080K, capacity 9530K, committed 9600K, reserved 1048576K
}
Event: 31898.954 GC heap before
{Heap before GC invocations=60 (full 0):
 garbage-first heap   total 78848K, used 60240K [0x0000000087000000, 0x0000000100000000)
  region size 1024K, 29 young (29696K), 3 survivors (3072K)
 Metaspace       used 54774K, capacity 55899K, committed 56348K, reserved 1095680K
  class space    used 9080K, capacity 9530K, committed 9600K, reserved 1048576K
}
Event: 31898.957 GC heap after
{Heap after GC invocations=61 (full 0):
 garbage-first heap   total 78848K, used 35496K [0x0000000087000000, 0x0000000100000000)
  region size 1024K, 4 young (4096K), 4 survivors (4096K)
 Metaspace       used 54774K, capacity 55899K, committed 56348K, reserved 1095680K
  class space    used 9080K, capacity 9530K, committed 9600K, reserved 1048576K
}
Event: 31898.960 GC heap before
{Heap before GC invocations=61 (full 0):
 garbage-first heap   total 78848K, used 36520K [0x0000000087000000, 0x0000000100000000)
  region size 1024K, 5 young (5120K), 4 survivors (4096K)
 Metaspace       used 54774K, capacity 55899K, committed 56348K, reserved 1095680K
  class space    used 9080K, capacity 9530K, committed 9600K, reserved 1048576K
}
Event: 31898.964 GC heap after
{Heap after GC invocations=62 (full 0):
 garbage-first heap   total 78848K, used 30123K [0x0000000087000000, 0x0000000100000000)
  region size 1024K, 1 young (1024K), 1 survivors (1024K)
 Metaspace       used 54774K, capacity 55899K, committed 56348K, reserved 1095680K
  class space    used 9080K, capacity 9530K, committed 9600K, reserved 1048576K
}
Event: 32024.942 GC heap before
{Heap before GC invocations=62 (full 0):
 garbage-first heap   total 78848K, used 59819K [0x0000000087000000, 0x0000000100000000)
  region size 1024K, 30 young (30720K), 1 survivors (1024K)
 Metaspace       used 54774K, capacity 55899K, committed 56348K, reserved 1095680K
  class space    used 9080K, capacity 9530K, committed 9600K, reserved 1048576K
}
Event: 32024.944 GC heap after
{Heap after GC invocations=63 (full 0):
 garbage-first heap   total 78848K, used 32494K [0x0000000087000000, 0x0000000100000000)
  region size 1024K, 3 young (3072K), 3 survivors (3072K)
 Metaspace       used 54774K, capacity 55899K, committed 56348K, reserved 1095680K
  class space    used 9080K, capacity 9530K, committed 9600K, reserved 1048576K
}

